demo/app/build/intermediates/manifest_merge_blame_file/debug/manifest-merger-blame-debug-report.txt
1<?xml version="1.0" encoding="utf-8"?>
2<manifest xmlns:android="http://schemas.android.com/apk/res/android"
3    package="com.example.demo"
4    android:versionCode="1"
5    android:versionName="1.0" >
6
7    <uses-sdk
8        android:minSdkVersion="16"
8-->src\main\AndroidManifest.xml
9        android:targetSdkVersion="30" />
9-->src\main\AndroidManifest.xml
10
11    <uses-permission android:name="android.permission.ACCESS_NETWORK_STATE" />
11-->[com.firebaseui:firebase-ui-auth:6.4.0] AndroidManifest.xml:12:5-79
11-->[com.firebaseui:firebase-ui-auth:6.4.0] AndroidManifest.xml:12:22-76
12    <uses-permission android:name="android.permission.INTERNET" />
12-->[com.firebaseui:firebase-ui-auth:6.4.0] AndroidManifest.xml:13:5-67
12-->[com.firebaseui:firebase-ui-auth:6.4.0] AndroidManifest.xml:13:22-64
13    <uses-permission android:name="android.permission.WAKE_LOCK" />
13-->[com.google.firebase:firebase-analytics:16.0.4] AndroidManifest.xml:25:5-68
13-->[com.google.firebase:firebase-analytics:16.0.4] AndroidManifest.xml:25:22-65
14    <uses-permission android:name="com.google.android.finsky.permission.BIND_GET_INSTALL_REFERRER_SERVICE" /> <!-- Required by older versions of Google Play services to create IID tokens -->
14-->[com.google.firebase:firebase-analytics:16.0.4] AndroidManifest.xml:26:5-110
14-->[com.google.firebase:firebase-analytics:16.0.4] AndroidManifest.xml:26:22-107
15    <uses-permission android:name="com.google.android.c2dm.permission.RECEIVE" />
15-->[com.google.firebase:firebase-iid:17.0.4] AndroidManifest.xml:26:5-82
15-->[com.google.firebase:firebase-iid:17.0.4] AndroidManifest.xml:26:22-79
16
17    <application
17-->src\main\AndroidManifest.xml:5:5-23:19
18        android:name="androidx.multidex.MultiDexApplication"
19        android:allowBackup="true"
19-->src\main\AndroidManifest.xml:6:9-35
20        android:appComponentFactory="androidx.core.app.CoreComponentFactory"
20-->[androidx.core:core:1.3.1] AndroidManifest.xml:24:18-86
21        android:debuggable="true"
22        android:icon="@mipmap/ic_launcher"
22-->src\main\AndroidManifest.xml:7:9-43
23        android:label="@string/app_name"
23-->src\main\AndroidManifest.xml:8:9-41
24        android:roundIcon="@mipmap/ic_launcher_round"
24-->src\main\AndroidManifest.xml:9:9-54
25        android:supportsRtl="true"
25-->src\main\AndroidManifest.xml:10:9-35
26        android:testOnly="true"
27        android:theme="@style/AppTheme.NoActionBar" >
27-->src\main\AndroidManifest.xml:11:9-52
28        <activity android:name="com.example.demo.home_acti" />
28-->src\main\AndroidManifest.xml:12:9-56
28-->src\main\AndroidManifest.xml:12:19-44
29        <activity
29-->src\main\AndroidManifest.xml:13:9-15:59
30            android:name="com.example.demo.register"
30-->src\main\AndroidManifest.xml:14:13-37
31            android:theme="@style/AppTheme.NoActionBar" />
31-->src\main\AndroidManifest.xml:15:13-56
32        <activity android:name="com.example.demo.login" >
32-->src\main\AndroidManifest.xml:16:9-22:20
32-->src\main\AndroidManifest.xml:16:19-40
33            <intent-filter>
33-->src\main\AndroidManifest.xml:17:13-21:29
34                <action android:name="android.intent.action.MAIN" />
34-->src\main\AndroidManifest.xml:18:17-69
34-->src\main\AndroidManifest.xml:18:25-66
35
36                <category android:name="android.intent.category.LAUNCHER" />
36-->src\main\AndroidManifest.xml:20:17-77
36-->src\main\AndroidManifest.xml:20:27-74
37            </intent-filter>
38        </activity>
39
40        <meta-data
40-->[com.firebaseui:firebase-ui-auth:6.4.0] AndroidManifest.xml:16:9-18:69
41            android:name="com.google.android.gms.version"
41-->[com.firebaseui:firebase-ui-auth:6.4.0] AndroidManifest.xml:17:13-58
42            android:value="@integer/google_play_services_version" />
42-->[com.firebaseui:firebase-ui-auth:6.4.0] AndroidManifest.xml:18:13-66
43        <meta-data
43-->[com.firebaseui:firebase-ui-auth:6.4.0] AndroidManifest.xml:19:9-21:63
44            android:name="com.facebook.sdk.ApplicationId"
44-->[com.firebaseui:firebase-ui-auth:6.4.0] AndroidManifest.xml:20:13-58
45            android:value="@string/facebook_application_id" />
45-->[com.firebaseui:firebase-ui-auth:6.4.0] AndroidManifest.xml:21:13-60
46
47        <activity
47-->[com.firebaseui:firebase-ui-auth:6.4.0] AndroidManifest.xml:23:9-27:61
48            android:name="com.firebase.ui.auth.KickoffActivity"
48-->[com.firebaseui:firebase-ui-auth:6.4.0] AndroidManifest.xml:24:13-64
49            android:exported="false"
49-->[com.firebaseui:firebase-ui-auth:6.4.0] AndroidManifest.xml:25:13-37
50            android:label=""
50-->[com.firebaseui:firebase-ui-auth:6.4.0] AndroidManifest.xml:26:13-29
51            android:theme="@style/FirebaseUI.Transparent" />
51-->[com.firebaseui:firebase-ui-auth:6.4.0] AndroidManifest.xml:27:13-58
52        <activity
52-->[com.firebaseui:firebase-ui-auth:6.4.0] AndroidManifest.xml:28:9-32:61
53            android:name="com.firebase.ui.auth.ui.idp.SingleSignInActivity"
53-->[com.firebaseui:firebase-ui-auth:6.4.0] AndroidManifest.xml:29:13-76
54            android:exported="false"
54-->[com.firebaseui:firebase-ui-auth:6.4.0] AndroidManifest.xml:30:13-37
55            android:label=""
55-->[com.firebaseui:firebase-ui-auth:6.4.0] AndroidManifest.xml:31:13-29
56            android:theme="@style/FirebaseUI.Transparent" />
56-->[com.firebaseui:firebase-ui-auth:6.4.0] AndroidManifest.xml:32:13-58
57        <activity
57-->[com.firebaseui:firebase-ui-auth:6.4.0] AndroidManifest.xml:33:9-37:61
58            android:name="com.firebase.ui.auth.ui.credentials.CredentialSaveActivity"
58-->[com.firebaseui:firebase-ui-auth:6.4.0] AndroidManifest.xml:34:13-86
59            android:exported="false"
59-->[com.firebaseui:firebase-ui-auth:6.4.0] AndroidManifest.xml:35:13-37
60            android:label=""
60-->[com.firebaseui:firebase-ui-auth:6.4.0] AndroidManifest.xml:36:13-29
61            android:theme="@style/FirebaseUI.Transparent" />
61-->[com.firebaseui:firebase-ui-auth:6.4.0] AndroidManifest.xml:37:13-58
62        <activity
62-->[com.firebaseui:firebase-ui-auth:6.4.0] AndroidManifest.xml:38:9-42:58
63            android:name="com.firebase.ui.auth.ui.email.RecoverPasswordActivity"
63-->[com.firebaseui:firebase-ui-auth:6.4.0] AndroidManifest.xml:39:13-81
64            android:exported="false"
64-->[com.firebaseui:firebase-ui-auth:6.4.0] AndroidManifest.xml:40:13-37
65            android:label="@string/fui_title_recover_password_activity"
65-->[com.firebaseui:firebase-ui-auth:6.4.0] AndroidManifest.xml:41:13-72
66            android:windowSoftInputMode="adjustResize" />
66-->[com.firebaseui:firebase-ui-auth:6.4.0] AndroidManifest.xml:42:13-55
67        <activity
67-->[com.firebaseui:firebase-ui-auth:6.4.0] AndroidManifest.xml:43:9-47:58
68            android:name="com.firebase.ui.auth.ui.email.EmailActivity"
68-->[com.firebaseui:firebase-ui-auth:6.4.0] AndroidManifest.xml:44:13-71
69            android:exported="false"
69-->[com.firebaseui:firebase-ui-auth:6.4.0] AndroidManifest.xml:45:13-37
70            android:label="@string/fui_sign_in_default"
70-->[com.firebaseui:firebase-ui-auth:6.4.0] AndroidManifest.xml:46:13-56
71            android:windowSoftInputMode="adjustResize" />
71-->[com.firebaseui:firebase-ui-auth:6.4.0] AndroidManifest.xml:47:13-55
72        <activity
72-->[com.firebaseui:firebase-ui-auth:6.4.0] AndroidManifest.xml:48:9-52:77
73            android:name="com.firebase.ui.auth.ui.phone.PhoneActivity"
73-->[com.firebaseui:firebase-ui-auth:6.4.0] AndroidManifest.xml:49:13-71
74            android:exported="false"
74-->[com.firebaseui:firebase-ui-auth:6.4.0] AndroidManifest.xml:50:13-37
75            android:label="@string/fui_sign_in_with_phone_number"
75-->[com.firebaseui:firebase-ui-auth:6.4.0] AndroidManifest.xml:51:13-66
76            android:windowSoftInputMode="adjustResize|stateAlwaysVisible" />
76-->[com.firebaseui:firebase-ui-auth:6.4.0] AndroidManifest.xml:52:13-74
77        <activity
77-->[com.firebaseui:firebase-ui-auth:6.4.0] AndroidManifest.xml:53:9-57:58
78            android:name="com.firebase.ui.auth.ui.idp.WelcomeBackIdpPrompt"
78-->[com.firebaseui:firebase-ui-auth:6.4.0] AndroidManifest.xml:54:13-76
79            android:exported="false"
79-->[com.firebaseui:firebase-ui-auth:6.4.0] AndroidManifest.xml:55:13-37
80            android:label="@string/fui_title_welcome_back_idp_prompt"
80-->[com.firebaseui:firebase-ui-auth:6.4.0] AndroidManifest.xml:56:13-70
81            android:windowSoftInputMode="adjustResize" />
81-->[com.firebaseui:firebase-ui-auth:6.4.0] AndroidManifest.xml:57:13-55
82        <activity
82-->[com.firebaseui:firebase-ui-auth:6.4.0] AndroidManifest.xml:58:9-62:58
83            android:name="com.firebase.ui.auth.ui.email.WelcomeBackPasswordPrompt"
83-->[com.firebaseui:firebase-ui-auth:6.4.0] AndroidManifest.xml:59:13-83
84            android:exported="false"
84-->[com.firebaseui:firebase-ui-auth:6.4.0] AndroidManifest.xml:60:13-37
85            android:label="@string/fui_title_welcome_back_password_prompt"
85-->[com.firebaseui:firebase-ui-auth:6.4.0] AndroidManifest.xml:61:13-75
86            android:windowSoftInputMode="adjustResize" />
86-->[com.firebaseui:firebase-ui-auth:6.4.0] AndroidManifest.xml:62:13-55
87        <activity
87-->[com.firebaseui:firebase-ui-auth:6.4.0] AndroidManifest.xml:63:9-67:58
88            android:name="com.firebase.ui.auth.ui.email.WelcomeBackEmailLinkPrompt"
88-->[com.firebaseui:firebase-ui-auth:6.4.0] AndroidManifest.xml:64:13-84
89            android:exported="false"
89-->[com.firebaseui:firebase-ui-auth:6.4.0] AndroidManifest.xml:65:13-37
90            android:label="@string/fui_title_welcome_back_password_prompt"
90-->[com.firebaseui:firebase-ui-auth:6.4.0] AndroidManifest.xml:66:13-75
91            android:windowSoftInputMode="adjustResize" />
91-->[com.firebaseui:firebase-ui-auth:6.4.0] AndroidManifest.xml:67:13-55
92        <activity
92-->[com.firebaseui:firebase-ui-auth:6.4.0] AndroidManifest.xml:68:9-73:58
93            android:name="com.firebase.ui.auth.ui.email.EmailLinkCatcherActivity"
93-->[com.firebaseui:firebase-ui-auth:6.4.0] AndroidManifest.xml:69:13-82
94            android:exported="false"
94-->[com.firebaseui:firebase-ui-auth:6.4.0] AndroidManifest.xml:70:13-37
95            android:label=""
95-->[com.firebaseui:firebase-ui-auth:6.4.0] AndroidManifest.xml:71:13-29
96            android:theme="@style/FirebaseUI.Transparent"
96-->[com.firebaseui:firebase-ui-auth:6.4.0] AndroidManifest.xml:72:13-58
97            android:windowSoftInputMode="adjustResize" />
97-->[com.firebaseui:firebase-ui-auth:6.4.0] AndroidManifest.xml:73:13-55
98        <activity
98-->[com.firebaseui:firebase-ui-auth:6.4.0] AndroidManifest.xml:74:9-78:58
99            android:name="com.firebase.ui.auth.ui.email.EmailLinkErrorRecoveryActivity"
99-->[com.firebaseui:firebase-ui-auth:6.4.0] AndroidManifest.xml:75:13-88
100            android:exported="false"
100-->[com.firebaseui:firebase-ui-auth:6.4.0] AndroidManifest.xml:76:13-37
101            android:label="@string/fui_sign_in_default"
101-->[com.firebaseui:firebase-ui-auth:6.4.0] AndroidManifest.xml:77:13-56
102            android:windowSoftInputMode="adjustResize" />
102-->[com.firebaseui:firebase-ui-auth:6.4.0] AndroidManifest.xml:78:13-55
103        <activity
103-->[com.firebaseui:firebase-ui-auth:6.4.0] AndroidManifest.xml:79:9-82:65
104            android:name="com.firebase.ui.auth.ui.idp.AuthMethodPickerActivity"
104-->[com.firebaseui:firebase-ui-auth:6.4.0] AndroidManifest.xml:80:13-80
105            android:exported="false"
105-->[com.firebaseui:firebase-ui-auth:6.4.0] AndroidManifest.xml:81:13-37
106            android:label="@string/fui_default_toolbar_title" />
106-->[com.firebaseui:firebase-ui-auth:6.4.0] AndroidManifest.xml:82:13-62
107        <activity
107-->[com.firebaseui:firebase-ui-auth:6.4.0] AndroidManifest.xml:83:9-87:48
108            android:name="com.facebook.FacebookActivity"
108-->[com.firebaseui:firebase-ui-auth:6.4.0] AndroidManifest.xml:84:13-57
109            android:configChanges="keyboard|keyboardHidden|screenLayout|screenSize|orientation"
109-->[com.firebaseui:firebase-ui-auth:6.4.0] AndroidManifest.xml:85:13-96
110            android:label="@string/app_name" />
110-->[com.firebaseui:firebase-ui-auth:6.4.0] AndroidManifest.xml:86:13-45
111        <activity
111-->[com.firebaseui:firebase-ui-auth:6.4.0] AndroidManifest.xml:88:9-100:20
112            android:name="com.facebook.CustomTabActivity"
112-->[com.firebaseui:firebase-ui-auth:6.4.0] AndroidManifest.xml:89:13-58
113            android:exported="true" >
113-->[com.firebaseui:firebase-ui-auth:6.4.0] AndroidManifest.xml:90:13-36
114            <intent-filter>
114-->[com.firebaseui:firebase-ui-auth:6.4.0] AndroidManifest.xml:92:13-99:29
115                <action android:name="android.intent.action.VIEW" />
115-->[com.firebaseui:firebase-ui-auth:6.4.0] AndroidManifest.xml:93:17-69
115-->[com.firebaseui:firebase-ui-auth:6.4.0] AndroidManifest.xml:93:25-66
116
117                <category android:name="android.intent.category.DEFAULT" />
117-->[com.firebaseui:firebase-ui-auth:6.4.0] AndroidManifest.xml:95:17-76
117-->[com.firebaseui:firebase-ui-auth:6.4.0] AndroidManifest.xml:95:27-73
118                <category android:name="android.intent.category.BROWSABLE" />
118-->[com.firebaseui:firebase-ui-auth:6.4.0] AndroidManifest.xml:96:17-78
118-->[com.firebaseui:firebase-ui-auth:6.4.0] AndroidManifest.xml:96:27-75
119
120                <data android:scheme="@string/facebook_login_protocol_scheme" />
120-->[com.firebaseui:firebase-ui-auth:6.4.0] AndroidManifest.xml:98:17-81
120-->[com.firebaseui:firebase-ui-auth:6.4.0] AndroidManifest.xml:98:23-78
121            </intent-filter>
122        </activity>
123
124        <provider
124-->[com.firebaseui:firebase-ui-auth:6.4.0] AndroidManifest.xml:102:9-106:38
125            android:name="com.firebase.ui.auth.data.client.AuthUiInitProvider"
125-->[com.firebaseui:firebase-ui-auth:6.4.0] AndroidManifest.xml:103:13-79
126            android:authorities="com.example.demo.authuiinitprovider"
126-->[com.firebaseui:firebase-ui-auth:6.4.0] AndroidManifest.xml:104:13-70
127            android:exported="false"
127-->[com.firebaseui:firebase-ui-auth:6.4.0] AndroidManifest.xml:105:13-37
128            android:initOrder="90" />
128-->[com.firebaseui:firebase-ui-auth:6.4.0] AndroidManifest.xml:106:13-35
129
130        <activity
130-->[com.google.firebase:firebase-auth:19.4.0] AndroidManifest.xml:24:9-31:50
131            android:name="com.google.firebase.auth.internal.FederatedSignInActivity"
131-->[com.google.firebase:firebase-auth:19.4.0] AndroidManifest.xml:25:13-85
132            android:excludeFromRecents="true"
132-->[com.google.firebase:firebase-auth:19.4.0] AndroidManifest.xml:26:13-46
133            android:exported="true"
133-->[com.google.firebase:firebase-auth:19.4.0] AndroidManifest.xml:27:13-36
134            android:launchMode="singleTask"
134-->[com.google.firebase:firebase-auth:19.4.0] AndroidManifest.xml:28:13-44
135            android:permission="com.google.firebase.auth.api.gms.permission.LAUNCH_FEDERATED_SIGN_IN"
135-->[com.google.firebase:firebase-auth:19.4.0] AndroidManifest.xml:29:13-102
136            android:theme="@android:style/Theme.Translucent.NoTitleBar" />
136-->[com.google.firebase:firebase-auth:19.4.0] AndroidManifest.xml:30:13-72
137
138        <service
138-->[com.google.firebase:firebase-auth:19.4.0] AndroidManifest.xml:33:9-39:19
139            android:name="com.google.firebase.components.ComponentDiscoveryService"
139-->[com.google.firebase:firebase-auth:19.4.0] AndroidManifest.xml:34:13-84
140            android:directBootAware="true"
140-->[com.google.firebase:firebase-common:19.3.1] AndroidManifest.xml:35:13-43
141            android:exported="false" >
141-->[com.google.firebase:firebase-auth:19.4.0] AndroidManifest.xml:35:13-37
142            <meta-data
142-->[com.google.firebase:firebase-auth:19.4.0] AndroidManifest.xml:36:13-38:85
143                android:name="com.google.firebase.components:com.google.firebase.auth.FirebaseAuthRegistrar"
143-->[com.google.firebase:firebase-auth:19.4.0] AndroidManifest.xml:37:17-109
144                android:value="com.google.firebase.components.ComponentRegistrar" />
144-->[com.google.firebase:firebase-auth:19.4.0] AndroidManifest.xml:38:17-82
145            <meta-data
145-->[com.google.firebase:firebase-database:19.5.0] AndroidManifest.xml:32:13-34:85
146                android:name="com.google.firebase.components:com.google.firebase.database.DatabaseRegistrar"
146-->[com.google.firebase:firebase-database:19.5.0] AndroidManifest.xml:33:17-109
147                android:value="com.google.firebase.components.ComponentRegistrar" />
147-->[com.google.firebase:firebase-database:19.5.0] AndroidManifest.xml:34:17-82
148            <meta-data
148-->[com.google.firebase:firebase-storage:19.2.0] AndroidManifest.xml:33:13-35:85
149                android:name="com.google.firebase.components:com.google.firebase.storage.StorageRegistrar"
149-->[com.google.firebase:firebase-storage:19.2.0] AndroidManifest.xml:34:17-107
150                android:value="com.google.firebase.components.ComponentRegistrar" />
150-->[com.google.firebase:firebase-storage:19.2.0] AndroidManifest.xml:35:17-82
151            <meta-data
151-->[com.google.firebase:firebase-iid:17.0.4] AndroidManifest.xml:32:13-34:85
152                android:name="com.google.firebase.components:com.google.firebase.iid.Registrar"
152-->[com.google.firebase:firebase-iid:17.0.4] AndroidManifest.xml:33:17-96
153                android:value="com.google.firebase.components.ComponentRegistrar" />
153-->[com.google.firebase:firebase-iid:17.0.4] AndroidManifest.xml:34:17-82
154            <meta-data
154-->[com.google.firebase:firebase-firestore:21.7.1] AndroidManifest.xml:20:13-22:85
155                android:name="com.google.firebase.components:com.google.firebase.firestore.FirestoreRegistrar"
155-->[com.google.firebase:firebase-firestore:21.7.1] AndroidManifest.xml:21:17-111
156                android:value="com.google.firebase.components.ComponentRegistrar" />
156-->[com.google.firebase:firebase-firestore:21.7.1] AndroidManifest.xml:22:17-82
157        </service>
158        <!--
159             FirebaseMessagingService performs security checks at runtime,
160             no need for explicit permissions despite exported="true"
161        -->
162        <service
162-->[com.google.firebase:firebase-messaging:17.3.4] AndroidManifest.xml:28:9-34:19
163            android:name="com.google.firebase.messaging.FirebaseMessagingService"
163-->[com.google.firebase:firebase-messaging:17.3.4] AndroidManifest.xml:29:13-82
164            android:exported="true" >
164-->[com.google.firebase:firebase-messaging:17.3.4] AndroidManifest.xml:30:13-36
165            <intent-filter android:priority="-500" >
165-->[com.google.firebase:firebase-messaging:17.3.4] AndroidManifest.xml:31:13-33:29
165-->[com.google.firebase:firebase-messaging:17.3.4] AndroidManifest.xml:31:28-51
166                <action android:name="com.google.firebase.MESSAGING_EVENT" />
166-->[com.google.firebase:firebase-messaging:17.3.4] AndroidManifest.xml:32:17-78
166-->[com.google.firebase:firebase-messaging:17.3.4] AndroidManifest.xml:32:25-75
167            </intent-filter>
168        </service>
169
170        <activity
170-->[com.google.android.gms:play-services-auth:19.0.0] AndroidManifest.xml:23:9-27:75
171            android:name="com.google.android.gms.auth.api.signin.internal.SignInHubActivity"
171-->[com.google.android.gms:play-services-auth:19.0.0] AndroidManifest.xml:24:13-93
172            android:excludeFromRecents="true"
172-->[com.google.android.gms:play-services-auth:19.0.0] AndroidManifest.xml:25:13-46
173            android:exported="false"
173-->[com.google.android.gms:play-services-auth:19.0.0] AndroidManifest.xml:26:13-37
174            android:theme="@android:style/Theme.Translucent.NoTitleBar" />
174-->[com.google.android.gms:play-services-auth:19.0.0] AndroidManifest.xml:27:13-72
175        <!--
176            Service handling Google Sign-In user revocation. For apps that do not integrate with
177            Google Sign-In, this service will never be started.
178        -->
179        <service
179-->[com.google.android.gms:play-services-auth:19.0.0] AndroidManifest.xml:33:9-37:51
180            android:name="com.google.android.gms.auth.api.signin.RevocationBoundService"
180-->[com.google.android.gms:play-services-auth:19.0.0] AndroidManifest.xml:34:13-89
181            android:exported="true"
181-->[com.google.android.gms:play-services-auth:19.0.0] AndroidManifest.xml:35:13-36
182            android:permission="com.google.android.gms.auth.api.signin.permission.REVOCATION_NOTIFICATION"
182-->[com.google.android.gms:play-services-auth:19.0.0] AndroidManifest.xml:36:13-107
183            android:visibleToInstantApps="true" />
183-->[com.google.android.gms:play-services-auth:19.0.0] AndroidManifest.xml:37:13-48
184
185        <activity
185-->[com.google.android.gms:play-services-appinvite:16.0.4] AndroidManifest.xml:25:9-34:20
186            android:name="com.google.android.gms.appinvite.PreviewActivity"
186-->[com.google.android.gms:play-services-appinvite:16.0.4] AndroidManifest.xml:26:13-76
187            android:exported="true"
187-->[com.google.android.gms:play-services-appinvite:16.0.4] AndroidManifest.xml:27:13-36
188            android:theme="@style/Theme.AppInvite.Preview" >
188-->[com.google.android.gms:play-services-appinvite:16.0.4] AndroidManifest.xml:28:13-59
189            <intent-filter>
189-->[com.google.android.gms:play-services-appinvite:16.0.4] AndroidManifest.xml:29:13-33:29
190                <action android:name="com.google.android.gms.appinvite.ACTION_PREVIEW" />
190-->[com.google.android.gms:play-services-appinvite:16.0.4] AndroidManifest.xml:30:17-90
190-->[com.google.android.gms:play-services-appinvite:16.0.4] AndroidManifest.xml:30:25-87
191
192                <category android:name="android.intent.category.DEFAULT" />
192-->[com.firebaseui:firebase-ui-auth:6.4.0] AndroidManifest.xml:95:17-76
192-->[com.firebaseui:firebase-ui-auth:6.4.0] AndroidManifest.xml:95:27-73
193            </intent-filter>
194        </activity>
195
196        <receiver
196-->[com.google.firebase:firebase-analytics:16.0.4] AndroidManifest.xml:29:9-33:20
197            android:name="com.google.android.gms.measurement.AppMeasurementReceiver"
197-->[com.google.firebase:firebase-analytics:16.0.4] AndroidManifest.xml:30:13-85
198            android:enabled="true"
198-->[com.google.firebase:firebase-analytics:16.0.4] AndroidManifest.xml:31:13-35
199            android:exported="false" >
199-->[com.google.firebase:firebase-analytics:16.0.4] AndroidManifest.xml:32:13-37
200        </receiver>
201        <receiver
201-->[com.google.firebase:firebase-analytics:16.0.4] AndroidManifest.xml:34:9-42:20
202            android:name="com.google.android.gms.measurement.AppMeasurementInstallReferrerReceiver"
202-->[com.google.firebase:firebase-analytics:16.0.4] AndroidManifest.xml:35:13-100
203            android:enabled="true"
203-->[com.google.firebase:firebase-analytics:16.0.4] AndroidManifest.xml:36:13-35
204            android:exported="true"
204-->[com.google.firebase:firebase-analytics:16.0.4] AndroidManifest.xml:37:13-36
205            android:permission="android.permission.INSTALL_PACKAGES" >
205-->[com.google.firebase:firebase-analytics:16.0.4] AndroidManifest.xml:38:13-69
206            <intent-filter>
206-->[com.google.firebase:firebase-analytics:16.0.4] AndroidManifest.xml:39:13-41:29
207                <action android:name="com.android.vending.INSTALL_REFERRER" />
207-->[com.google.firebase:firebase-analytics:16.0.4] AndroidManifest.xml:40:17-79
207-->[com.google.firebase:firebase-analytics:16.0.4] AndroidManifest.xml:40:25-76
208            </intent-filter>
209        </receiver>
210
211        <service
211-->[com.google.firebase:firebase-analytics:16.0.4] AndroidManifest.xml:44:9-47:40
212            android:name="com.google.android.gms.measurement.AppMeasurementService"
212-->[com.google.firebase:firebase-analytics:16.0.4] AndroidManifest.xml:45:13-84
213            android:enabled="true"
213-->[com.google.firebase:firebase-analytics:16.0.4] AndroidManifest.xml:46:13-35
214            android:exported="false" />
214-->[com.google.firebase:firebase-analytics:16.0.4] AndroidManifest.xml:47:13-37
215        <service
215-->[com.google.firebase:firebase-analytics:16.0.4] AndroidManifest.xml:48:9-52:72
216            android:name="com.google.android.gms.measurement.AppMeasurementJobService"
216-->[com.google.firebase:firebase-analytics:16.0.4] AndroidManifest.xml:49:13-87
217            android:enabled="true"
217-->[com.google.firebase:firebase-analytics:16.0.4] AndroidManifest.xml:50:13-35
218            android:exported="false"
218-->[com.google.firebase:firebase-analytics:16.0.4] AndroidManifest.xml:51:13-37
219            android:permission="android.permission.BIND_JOB_SERVICE" />
219-->[com.google.firebase:firebase-analytics:16.0.4] AndroidManifest.xml:52:13-69
220
221        <receiver
221-->[com.google.firebase:firebase-iid:17.0.4] AndroidManifest.xml:37:9-44:20
222            android:name="com.google.firebase.iid.FirebaseInstanceIdReceiver"
222-->[com.google.firebase:firebase-iid:17.0.4] AndroidManifest.xml:38:13-78
223            android:exported="true"
223-->[com.google.firebase:firebase-iid:17.0.4] AndroidManifest.xml:39:13-36
224            android:permission="com.google.android.c2dm.permission.SEND" >
224-->[com.google.firebase:firebase-iid:17.0.4] AndroidManifest.xml:40:13-73
225            <intent-filter>
225-->[com.google.firebase:firebase-iid:17.0.4] AndroidManifest.xml:41:13-43:29
226                <action android:name="com.google.android.c2dm.intent.RECEIVE" />
226-->[com.google.firebase:firebase-iid:17.0.4] AndroidManifest.xml:42:17-81
226-->[com.google.firebase:firebase-iid:17.0.4] AndroidManifest.xml:42:25-78
227            </intent-filter>
228        </receiver>
229        <!--
230             FirebaseInstanceIdService performs security checks at runtime,
231             no need for explicit permissions despite exported="true"
232        -->
233        <service
233-->[com.google.firebase:firebase-iid:17.0.4] AndroidManifest.xml:50:9-56:19
234            android:name="com.google.firebase.iid.FirebaseInstanceIdService"
234-->[com.google.firebase:firebase-iid:17.0.4] AndroidManifest.xml:51:13-77
235            android:exported="true" >
235-->[com.google.firebase:firebase-iid:17.0.4] AndroidManifest.xml:52:13-36
236            <intent-filter android:priority="-500" >
236-->[com.google.firebase:firebase-iid:17.0.4] AndroidManifest.xml:53:13-55:29
236-->[com.google.firebase:firebase-iid:17.0.4] AndroidManifest.xml:53:28-51
237                <action android:name="com.google.firebase.INSTANCE_ID_EVENT" />
237-->[com.google.firebase:firebase-iid:17.0.4] AndroidManifest.xml:54:17-80
237-->[com.google.firebase:firebase-iid:17.0.4] AndroidManifest.xml:54:25-77
238            </intent-filter>
239        </service>
240
241        <activity
241-->[com.google.android.gms:play-services-base:17.1.0] AndroidManifest.xml:23:9-26:75
242            android:name="com.google.android.gms.common.api.GoogleApiActivity"
242-->[com.google.android.gms:play-services-base:17.1.0] AndroidManifest.xml:24:13-79
243            android:exported="false"
243-->[com.google.android.gms:play-services-base:17.1.0] AndroidManifest.xml:25:13-37
244            android:theme="@android:style/Theme.Translucent.NoTitleBar" />
244-->[com.google.android.gms:play-services-base:17.1.0] AndroidManifest.xml:26:13-72
245
246        <provider
246-->[com.google.firebase:firebase-common:19.3.1] AndroidManifest.xml:26:9-31:39
247            android:name="com.google.firebase.provider.FirebaseInitProvider"
247-->[com.google.firebase:firebase-common:19.3.1] AndroidManifest.xml:27:13-77
248            android:authorities="com.example.demo.firebaseinitprovider"
248-->[com.google.firebase:firebase-common:19.3.1] AndroidManifest.xml:28:13-72
249            android:directBootAware="true"
249-->[com.google.firebase:firebase-common:19.3.1] AndroidManifest.xml:29:13-43
250            android:exported="false"
250-->[com.google.firebase:firebase-common:19.3.1] AndroidManifest.xml:30:13-37
251            android:initOrder="100" />
251-->[com.google.firebase:firebase-common:19.3.1] AndroidManifest.xml:31:13-36
252        <provider
252-->[androidx.lifecycle:lifecycle-process:2.1.0] AndroidManifest.xml:23:9-27:43
253            android:name="androidx.lifecycle.ProcessLifecycleOwnerInitializer"
253-->[androidx.lifecycle:lifecycle-process:2.1.0] AndroidManifest.xml:24:13-79
254            android:authorities="com.example.demo.lifecycle-process"
254-->[androidx.lifecycle:lifecycle-process:2.1.0] AndroidManifest.xml:25:13-69
255            android:exported="false"
255-->[androidx.lifecycle:lifecycle-process:2.1.0] AndroidManifest.xml:26:13-37
256            android:multiprocess="true" />
256-->[androidx.lifecycle:lifecycle-process:2.1.0] AndroidManifest.xml:27:13-40
257    </application>
258
259</manifest>